[debug] [2022-11-30T16:09:52.592Z] ----------------------------------------------------------------------
[debug] [2022-11-30T16:09:52.595Z] Command:       C:\Program Files\nodejs\node.exe C:\Users\Alsu\AppData\Roaming\npm\node_modules\firebase-tools\lib\bin\firebase.js init
[debug] [2022-11-30T16:09:52.597Z] CLI Version:   11.16.1
[debug] [2022-11-30T16:09:52.598Z] Platform:      win32
[debug] [2022-11-30T16:09:52.598Z] Node Version:  v16.14.2
[debug] [2022-11-30T16:09:52.606Z] Time:          Wed Nov 30 2022 21:09:52 GMT+0500 (Екатеринбург, стандартное время)
[debug] [2022-11-30T16:09:52.607Z] ----------------------------------------------------------------------
[debug] 
[debug] [2022-11-30T16:09:52.734Z] > command requires scopes: ["email","openid","https://www.googleapis.com/auth/cloudplatformprojects.readonly","https://www.googleapis.com/auth/firebase","https://www.googleapis.com/auth/cloud-platform"]
[debug] [2022-11-30T16:09:52.735Z] > authorizing via signed-in user (bulatovaalsu22@gmail.com)
[info] 
     ######## #### ########  ######## ########     ###     ######  ########
     ##        ##  ##     ## ##       ##     ##  ##   ##  ##       ##
     ######    ##  ########  ######   ########  #########  ######  ######
     ##        ##  ##    ##  ##       ##     ## ##     ##       ## ##
     ##       #### ##     ## ######## ########  ##     ##  ######  ########

You're about to initialize a Firebase project in this directory:

  C:\Users\Alsu\Desktop\Front\TodoListReact

Before we get started, keep in mind:

  * You are initializing within an existing Firebase project directory

[info] 
=== Project Setup
[info] 
[info] First, let's associate this project directory with a Firebase project.
[info] You can create multiple project aliases by running firebase use --add, 
[info] but for now we'll just set up a default project.
[info] 
[debug] [2022-11-30T16:09:59.484Z] Using project from CLI flag: todo-list-e1f1c
[debug] [2022-11-30T16:09:59.491Z] >>> [apiv2][query] GET https://firebase.googleapis.com/v1beta1/projects/todo-list-e1f1c [none]
[debug] [2022-11-30T16:09:59.903Z] <<< [apiv2][status] GET https://firebase.googleapis.com/v1beta1/projects/todo-list-e1f1c 200
[debug] [2022-11-30T16:09:59.904Z] <<< [apiv2][body] GET https://firebase.googleapis.com/v1beta1/projects/todo-list-e1f1c {"projectId":"todo-list-e1f1c","projectNumber":"1028541757116","displayName":"Todo List","name":"projects/todo-list-e1f1c","resources":{"hostingSite":"todo-list-e1f1c","realtimeDatabaseInstance":"todo-list-e1f1c-default-rtdb"},"state":"ACTIVE","etag":"1_cec83bfb-e1d6-4a33-b2b1-0451db9a92d6"}
[info] i  Using project todo-list-e1f1c (Todo List) 
[info] 
=== Hosting Setup
[info] 
[info] Your public directory is the folder (relative to your project directory) that
[info] will contain Hosting assets to be uploaded with firebase deploy. If you
[info] have a build process for your assets, use your build's output directory.
[info] 
[debug] [2022-11-30T16:10:47.746Z] >>> [apiv2][query] GET https://www.gstatic.com/firebasejs/releases.json [none]
[debug] [2022-11-30T16:10:48.898Z] <<< [apiv2][status] GET https://www.gstatic.com/firebasejs/releases.json 200
[debug] [2022-11-30T16:10:48.898Z] <<< [apiv2][body] GET https://www.gstatic.com/firebasejs/releases.json {"current":{"version":"9.14.0","browserURL":"https://www.gstatic.com/firebasejs/9.14.0/firebase.js","packageURL":"https://www.gstatic.com/firebasejs/9.14.0/firebase.tgz"},"live":{"version":"9.14","browserURL":"https://www.gstatic.com/firebasejs/live/9.14/firebase.js","packageURL":"https://www.gstatic.com/firebasejs/live/9.14/firebase.tgz"},"components":{"analytics":"https://www.gstatic.com/firebasejs/9.14.0/firebase-analytics.js","app":"https://www.gstatic.com/firebasejs/9.14.0/firebase-app.js","app-check":"https://www.gstatic.com/firebasejs/9.14.0/firebase-app-check.js","auth":"https://www.gstatic.com/firebasejs/9.14.0/firebase-auth.js","auth/cordova":"https://www.gstatic.com/firebasejs/9.14.0/firebase-auth/cordova.js","auth/react-native":"https://www.gstatic.com/firebasejs/9.14.0/firebase-auth/react-native.js","functions":"https://www.gstatic.com/firebasejs/9.14.0/firebase-functions.js","firestore":"https://www.gstatic.com/firebasejs/9.14.0/firebase-firestore.js","firestore/lite":"https://www.gstatic.com/firebasejs/9.14.0/firebase-firestore/lite.js","installations":"https://www.gstatic.com/firebasejs/9.14.0/firebase-installations.js","storage":"https://www.gstatic.com/firebasejs/9.14.0/firebase-storage.js","performance":"https://www.gstatic.com/firebasejs/9.14.0/firebase-performance.js","remote-config":"https://www.gstatic.com/firebasejs/9.14.0/firebase-remote-config.js","messaging":"https://www.gstatic.com/firebasejs/9.14.0/firebase-messaging.js","messaging/sw":"https://www.gstatic.com/firebasejs/9.14.0/firebase-messaging/sw.js","database":"https://www.gstatic.com/firebasejs/9.14.0/firebase-database.js","firestore.memory":"https://www.gstatic.com/firebasejs/9.14.0/firebase-firestore.memory.js"}}
